<?xml version="1.0" encoding="UTF-8"?>
<!-- Generated by org.testng.reporters.JUnitReportReporter -->
<testsuite hostname="Haribhau" failures="0" tests="1" name="test_class.PutTc1" time="1.284" errors="0" timestamp="2023-04-07T15:55:28 IST" skipped="0">
  <testcase classname="test_class.PutTc1" name="orchestrator" time="1.284"/>
  <system-out/>
</testsuite> <!-- test_class.PutTc1 -->
