<?xml version="1.0" encoding="UTF-8"?>
<!-- Generated by org.testng.reporters.JUnitReportReporter -->
<testsuite hostname="Haribhau" failures="0" tests="1" name="test_class.PatchTc1" time="7.155" errors="0" timestamp="2023-04-07T19:31:30 IST" skipped="0">
  <testcase classname="test_class.PatchTc1" name="orchestrator" time="7.155"/>
  <system-out/>
</testsuite> <!-- test_class.PatchTc1 -->
