<?xml version="1.0" encoding="UTF-8"?>
<!-- Generated by org.testng.reporters.JUnitReportReporter -->
<testsuite hostname="Haribhau" failures="0" tests="1" name="test_class.PostTc1" time="7.100" errors="0" timestamp="2023-04-07T19:32:42 IST" skipped="0">
  <testcase classname="test_class.PostTc1" name="orchestrator" time="7.100"/>
  <system-out/>
</testsuite> <!-- test_class.PostTc1 -->
