<?xml version="1.0" encoding="UTF-8"?>
<!-- Generated by org.testng.reporters.JUnitReportReporter -->
<testsuite hostname="Haribhau" failures="0" tests="1" name="test_class.GetTc1" time="5.728" errors="0" timestamp="2023-04-07T15:55:28 IST" skipped="0">
  <testcase classname="test_class.GetTc1" name="orchestrator" time="5.728"/>
  <system-out/>
</testsuite> <!-- test_class.GetTc1 -->
